<?xml version="1.0" encoding="UTF-8"?>
<testng-results skipped="0" failed="0" total="4" passed="4">
  <reporter-output>
  </reporter-output>
  <suite name="com.hitched.testcases.HitchedTest" duration-ms="32" started-at="2017-06-09T22:39:20Z" finished-at="2017-06-09T22:39:20Z">
    <groups>
    </groups>
    <test name="Command line test" duration-ms="32" started-at="2017-06-09T22:39:20Z" finished-at="2017-06-09T22:39:20Z">
      <class name="com.hitched.testcases.HitchedTest">
        <test-method status="PASS" signature="addIntegerSets()[pri:0, instance:com.hitched.testcases.HitchedTest@7ca48474]" name="addIntegerSets" duration-ms="14" started-at="2017-06-09T17:39:20Z" finished-at="2017-06-09T17:39:20Z">
          <reporter-output>
          </reporter-output>
        </test-method> <!-- addIntegerSets -->
        <test-method status="PASS" signature="average()[pri:0, instance:com.hitched.testcases.HitchedTest@7ca48474]" name="average" duration-ms="1" started-at="2017-06-09T17:39:20Z" finished-at="2017-06-09T17:39:20Z">
          <reporter-output>
          </reporter-output>
        </test-method> <!-- average -->
        <test-method status="PASS" signature="findingMaxOIntegerSet()[pri:0, instance:com.hitched.testcases.HitchedTest@7ca48474]" name="findingMaxOIntegerSet" duration-ms="0" started-at="2017-06-09T17:39:20Z" finished-at="2017-06-09T17:39:20Z">
          <reporter-output>
          </reporter-output>
        </test-method> <!-- findingMaxOIntegerSet -->
        <test-method status="PASS" signature="multiplicationOfZeroIntegersShouldReturnZero()[pri:0, instance:com.hitched.testcases.HitchedTest@7ca48474]" name="multiplicationOfZeroIntegersShouldReturnZero" duration-ms="1" started-at="2017-06-09T17:39:20Z" finished-at="2017-06-09T17:39:20Z">
          <reporter-output>
          </reporter-output>
        </test-method> <!-- multiplicationOfZeroIntegersShouldReturnZero -->
      </class> <!-- com.hitched.testcases.HitchedTest -->
    </test> <!-- Command line test -->
  </suite> <!-- com.hitched.testcases.HitchedTest -->
</testng-results>
